
optiboot_atmega1280.elf:     file format elf32-avr

Sections:
Idx Name          Size      VMA       LMA       File off  Algn
  0 .text         000002e6  0001fc00  0001fc00  00000074  2**0
                  CONTENTS, ALLOC, LOAD, READONLY, CODE
  1 .trampolines  00000000  0001fee6  0001fee6  0000035a  2**1
                  CONTENTS, ALLOC, LOAD, READONLY, CODE
  2 .version      00000002  0001fffe  0001fffe  0000035a  2**0
                  CONTENTS, ALLOC, LOAD, READONLY, DATA
  3 .comment      00000030  00000000  00000000  0000035c  2**0
                  CONTENTS, READONLY
  4 .debug_aranges 00000030  00000000  00000000  0000038c  2**0
                  CONTENTS, READONLY, DEBUGGING
  5 .debug_info   000007cd  00000000  00000000  000003bc  2**0
                  CONTENTS, READONLY, DEBUGGING
  6 .debug_abbrev 000002ea  00000000  00000000  00000b89  2**0
                  CONTENTS, READONLY, DEBUGGING
  7 .debug_line   000003ef  00000000  00000000  00000e73  2**0
                  CONTENTS, READONLY, DEBUGGING
  8 .debug_frame  000000ac  00000000  00000000  00001264  2**2
                  CONTENTS, READONLY, DEBUGGING
  9 .debug_str    00000285  00000000  00000000  00001310  2**0
                  CONTENTS, READONLY, DEBUGGING
 10 .debug_loc    00000412  00000000  00000000  00001595  2**0
                  CONTENTS, READONLY, DEBUGGING
 11 .debug_ranges 00000068  00000000  00000000  000019a7  2**0
                  CONTENTS, READONLY, DEBUGGING

Disassembly of section .text:

0001fc00 <pre_main>:
/* everything that needs to run VERY early */
void pre_main(void) {
  // Allow convenient way of calling do_spm function - jump table, so
  //   entry to this function will always be here, independent of
  //   compilation, features etc
  asm volatile (
   1fc00:	01 c0       	rjmp	.+2      	; 0x1fc04 <main>
   1fc02:	09 c1       	rjmp	.+530    	; 0x1fe16 <do_spm>

0001fc04 <main>:
  //  SP points to RAMEND
  //  r1 contains zero
  //
  // If not, uncomment the following instructions:
  // cli();
  asm volatile ("  clr __zero_reg__");
   1fc04:	11 24       	eor	r1, r1
#  warning "START_APP_ON_EXTR is defined and NO_START_APP_ON_POR isn't"
#  define APP_START_REASONS 1 /* Always start rge App. */
#  define WDRF_CLR_REASONS 0  /* Never clear WDRF */
#endif

  ch = MCUSR;
   1fc06:	84 b7       	in	r24, 0x34	; 52

  // Skip all logic and run bootloader if MCUSR is cleared (application request)
  if (ch != 0) {
   1fc08:	88 23       	and	r24, r24
   1fc0a:	69 f0       	breq	.+26     	; 0x1fc26 <main+0x22>
     * One problematic scenario: broken application code sets watchdog timer
     * without clearing MCUSR before and triggers it quickly. But it's
     * recoverable by power-on with pushed reset button.
     */

    if (APP_START_REASONS) {
   1fc0c:	98 2f       	mov	r25, r24
   1fc0e:	9a 70       	andi	r25, 0x0A	; 10
   1fc10:	92 30       	cpi	r25, 0x02	; 2
   1fc12:	49 f0       	breq	.+18     	; 0x1fc26 <main+0x22>
      if (WDRF_CLR_REASONS) {
   1fc14:	81 ff       	sbrs	r24, 1
   1fc16:	02 c0       	rjmp	.+4      	; 0x1fc1c <main+0x18>
        /*
         * Clear WDRF if it was most probably set by wdr in bootloader.
         */
        if ((uint16_t)&MCUSR > 0x1F) {
          MCUSR = ~(_BV(WDRF));   // optimize to LDI/OUT
   1fc18:	97 ef       	ldi	r25, 0xF7	; 247
   1fc1a:	94 bf       	out	0x34, r25	; 52
      /*
       * save the reset flags in the designated register
       * This can be saved in a main program by putting code in .init0 (which
       * executes before normal c init code) to save R2 to a global variable.
       */
      __asm__ __volatile__ ("  mov r2, %0\n" :: "r" (ch));
   1fc1c:	28 2e       	mov	r2, r24

      // switch off watchdog
      watchdogConfig(WATCHDOG_OFF);
   1fc1e:	80 e0       	ldi	r24, 0x00	; 0
   1fc20:	e5 d0       	rcall	.+458    	; 0x1fdec <watchdogConfig>
      // Note that appstart_vec is defined so that this works with either
      // real or virtual boot partitions.
      __asm__ __volatile__ (
   1fc22:	0c 94 00 00 	jmp	0	; 0x0 <__tmp_reg__>
  LINBTR = (1 << LDISR) | (8 << LBT0); 
  LINCR = _BV(LENA) | _BV(LCMD2) | _BV(LCMD1) | _BV(LCMD0);
  LINDAT=0;
#else
#if (SINGLESPEED == 0)
  UART_SRA = _BV(U2X0); //Double speed mode USART0
   1fc26:	82 e0       	ldi	r24, 0x02	; 2
   1fc28:	80 93 c0 00 	sts	0x00C0, r24	; 0x8000c0 <__RAM__+0xc0>
#endif
  UART_SRB = _BV(RXEN0) | _BV(TXEN0);
   1fc2c:	88 e1       	ldi	r24, 0x18	; 24
   1fc2e:	80 93 c1 00 	sts	0x00C1, r24	; 0x8000c1 <__RAM__+0xc1>
  UART_SRC = _BV(UCSZ00) | _BV(UCSZ01);
   1fc32:	86 e0       	ldi	r24, 0x06	; 6
   1fc34:	80 93 c2 00 	sts	0x00C2, r24	; 0x8000c2 <__RAM__+0xc2>
  UART_SRL = (uint8_t)BAUD_SETTING;
   1fc38:	80 e1       	ldi	r24, 0x10	; 16
   1fc3a:	80 93 c4 00 	sts	0x00C4, r24	; 0x8000c4 <__RAM__+0xc4>
  RS485_PORT &= ~_BV(RS485_BIT);
  #endif
#endif

  // Set up watchdog to trigger after desired timeout
  watchdogConfig(WDTPERIOD);
   1fc3e:	8e e0       	ldi	r24, 0x0E	; 14
   1fc40:	d5 d0       	rcall	.+426    	; 0x1fdec <watchdogConfig>

#if (LED_START_FLASHES > 0) || LED_DATA_FLASH || LED_START_ON
  /* Set LED pin as output */
  LED_DDR |= _BV(LED);
   1fc42:	6c 9a       	sbi	0x0d, 4	; 13

      /*
       * Copy data from the buffer into the flash write buffer.
       */
      do {
        __boot_page_fill_short((uint16_t)(void*)addrPtr, *(mybuff.wptr++));
   1fc44:	ff 24       	eor	r15, r15
   1fc46:	f3 94       	inc	r15
      } while (len -= 2);

      /*
       * Actually Write the buffer to flash (and wait for it to finish.)
       */
      __boot_page_write_short(address.word);
   1fc48:	55 e0       	ldi	r21, 0x05	; 5
   1fc4a:	e5 2e       	mov	r14, r21
      boot_spm_busy_wait();
#if defined(RWWSRE)
      // Reenable read access to flash
      __boot_rww_enable_short();
   1fc4c:	61 e1       	ldi	r22, 0x11	; 17
#endif

  /* Forever loop: exits by causing WDT reset */
  for (;;) {
    /* get character from UART */
    ch = getch();
   1fc4e:	d6 2e       	mov	r13, r22

    if (ch == STK_GET_PARAMETER) {
   1fc50:	bf d0       	rcall	.+382    	; 0x1fdd0 <getch>
      unsigned char which = getch();
   1fc52:	81 34       	cpi	r24, 0x41	; 65
   1fc54:	49 f4       	brne	.+18     	; 0x1fc68 <main+0x64>
   1fc56:	bc d0       	rcall	.+376    	; 0x1fdd0 <getch>
      verifySpace();
   1fc58:	c8 2f       	mov	r28, r24
       * Send optiboot version as "SW version"
       * Note that the references to memory are optimized away.
       */
      if (which == STK_SW_MINOR) {
        putch(optiboot_version & 0xFF);
      } else if (which == STK_SW_MAJOR) {
   1fc5a:	ce d0       	rcall	.+412    	; 0x1fdf8 <verifySpace>
   1fc5c:	c1 38       	cpi	r28, 0x81	; 129
   1fc5e:	09 f0       	breq	.+2      	; 0x1fc62 <main+0x5e>
        putch(optiboot_version >> 8);
   1fc60:	a6 c0       	rjmp	.+332    	; 0x1fdae <main+0x1aa>
   1fc62:	88 e0       	ldi	r24, 0x08	; 8
   1fc64:	ae d0       	rcall	.+348    	; 0x1fdc2 <putch>
   1fc66:	aa c0       	rjmp	.+340    	; 0x1fdbc <main+0x1b8>
         * other parameters - enough to keep Avrdude happy
         */
        putch(0x03);
      }
    }
    else if (ch == STK_SET_DEVICE) {
   1fc68:	82 34       	cpi	r24, 0x42	; 66
      // SET DEVICE is ignored
      getNch(20);
   1fc6a:	11 f4       	brne	.+4      	; 0x1fc70 <main+0x6c>
   1fc6c:	84 e1       	ldi	r24, 0x14	; 20
    }
    else if (ch == STK_SET_DEVICE_EXT) {
   1fc6e:	03 c0       	rjmp	.+6      	; 0x1fc76 <main+0x72>
      // SET DEVICE EXT is ignored
      getNch(5);
   1fc70:	85 34       	cpi	r24, 0x45	; 69
   1fc72:	19 f4       	brne	.+6      	; 0x1fc7a <main+0x76>
   1fc74:	85 e0       	ldi	r24, 0x05	; 5
    }
    else if (ch == STK_LOAD_ADDRESS) {
   1fc76:	c8 d0       	rcall	.+400    	; 0x1fe08 <getNch>
   1fc78:	a1 c0       	rjmp	.+322    	; 0x1fdbc <main+0x1b8>
      // LOAD ADDRESS
      address.bytes[0] = getch();
   1fc7a:	85 35       	cpi	r24, 0x55	; 85
   1fc7c:	79 f4       	brne	.+30     	; 0x1fc9c <main+0x98>
   1fc7e:	a8 d0       	rcall	.+336    	; 0x1fdd0 <getch>
      address.bytes[1] = getch();
   1fc80:	08 2f       	mov	r16, r24
   1fc82:	a6 d0       	rcall	.+332    	; 0x1fdd0 <getch>
   1fc84:	18 2f       	mov	r17, r24
#ifdef RAMPZ
      // Transfer top bit to LSB in RAMPZ
      if (address.bytes[1] & 0x80) {
   1fc86:	87 ff       	sbrs	r24, 7
   1fc88:	03 c0       	rjmp	.+6      	; 0x1fc90 <main+0x8c>
        RAMPZ |= 0x01;
   1fc8a:	8b b7       	in	r24, 0x3b	; 59
   1fc8c:	81 60       	ori	r24, 0x01	; 1
      }
      else {
        RAMPZ &= 0xFE;
   1fc8e:	02 c0       	rjmp	.+4      	; 0x1fc94 <main+0x90>
   1fc90:	8b b7       	in	r24, 0x3b	; 59
      }
#endif
      address.word *= 2; // Convert from word address to byte address
   1fc92:	8e 7f       	andi	r24, 0xFE	; 254
   1fc94:	8b bf       	out	0x3b, r24	; 59
      verifySpace();
    }
    else if (ch == STK_UNIVERSAL) {
   1fc96:	00 0f       	add	r16, r16
   1fc98:	11 1f       	adc	r17, r17
#ifdef RAMPZ
      // LOAD_EXTENDED_ADDRESS is needed in STK_UNIVERSAL for addressing more than 128kB
      if ( AVR_OP_LOAD_EXT_ADDR == getch() ) {
   1fc9a:	8f c0       	rjmp	.+286    	; 0x1fdba <main+0x1b6>
   1fc9c:	86 35       	cpi	r24, 0x56	; 86
   1fc9e:	81 f4       	brne	.+32     	; 0x1fcc0 <main+0xbc>
   1fca0:	97 d0       	rcall	.+302    	; 0x1fdd0 <getch>
        // get address
        getch();  // get '0'
   1fca2:	8d 34       	cpi	r24, 0x4D	; 77
        RAMPZ = (RAMPZ & 0x01) | ((getch() << 1) & 0xff);  // get address and put it in RAMPZ
   1fca4:	49 f4       	brne	.+18     	; 0x1fcb8 <main+0xb4>
   1fca6:	94 d0       	rcall	.+296    	; 0x1fdd0 <getch>
   1fca8:	cb b7       	in	r28, 0x3b	; 59
   1fcaa:	92 d0       	rcall	.+292    	; 0x1fdd0 <getch>
   1fcac:	c1 70       	andi	r28, 0x01	; 1
   1fcae:	88 0f       	add	r24, r24
        getNch(1); // get last '0'
   1fcb0:	c8 2b       	or	r28, r24
   1fcb2:	cb bf       	out	0x3b, r28	; 59
        // response
        putch(0x00);
      }
      else {
        // everything else is ignored
        getNch(3);
   1fcb4:	81 e0       	ldi	r24, 0x01	; 1
   1fcb6:	01 c0       	rjmp	.+2      	; 0x1fcba <main+0xb6>
        putch(0x00);
   1fcb8:	83 e0       	ldi	r24, 0x03	; 3
   1fcba:	a6 d0       	rcall	.+332    	; 0x1fe08 <getNch>
      getNch(4);
      putch(0x00);
#endif
    }
    /* Write memory, length is big endian and is in bytes */
    else if (ch == STK_PROG_PAGE) {
   1fcbc:	80 e0       	ldi	r24, 0x00	; 0
   1fcbe:	d2 cf       	rjmp	.-92     	; 0x1fc64 <main+0x60>
   1fcc0:	84 36       	cpi	r24, 0x64	; 100
      // PROGRAM PAGE - we support flash programming only, not EEPROM
      uint8_t desttype;
      uint8_t *bufPtr;
      pagelen_t savelength;

      GETLENGTH(length);
   1fcc2:	09 f0       	breq	.+2      	; 0x1fcc6 <main+0xc2>
   1fcc4:	48 c0       	rjmp	.+144    	; 0x1fd56 <main+0x152>
   1fcc6:	84 d0       	rcall	.+264    	; 0x1fdd0 <getch>
   1fcc8:	c8 2f       	mov	r28, r24
   1fcca:	d0 e0       	ldi	r29, 0x00	; 0
   1fccc:	dc 2f       	mov	r29, r28
   1fcce:	cc 27       	eor	r28, r28
   1fcd0:	7f d0       	rcall	.+254    	; 0x1fdd0 <getch>
      savelength = length;
      desttype = getch();
   1fcd2:	c8 2b       	or	r28, r24
   1fcd4:	7d d0       	rcall	.+250    	; 0x1fdd0 <getch>
   1fcd6:	c8 2e       	mov	r12, r24
      // PROGRAM PAGE - we support flash programming only, not EEPROM
      uint8_t desttype;
      uint8_t *bufPtr;
      pagelen_t savelength;

      GETLENGTH(length);
   1fcd8:	5e 01       	movw	r10, r28
      savelength = length;
      desttype = getch();
   1fcda:	81 2c       	mov	r8, r1
   1fcdc:	32 e0       	ldi	r19, 0x02	; 2
   1fcde:	93 2e       	mov	r9, r19

      // read a page worth of contents
      bufPtr = buff.bptr;
      do *bufPtr++ = getch();
   1fce0:	77 d0       	rcall	.+238    	; 0x1fdd0 <getch>
   1fce2:	f4 01       	movw	r30, r8
   1fce4:	81 93       	st	Z+, r24
   1fce6:	4f 01       	movw	r8, r30
   1fce8:	f1 e0       	ldi	r31, 0x01	; 1
      while (--length);
   1fcea:	af 1a       	sub	r10, r31
   1fcec:	b1 08       	sbc	r11, r1
   1fcee:	c1 f7       	brne	.-16     	; 0x1fce0 <main+0xdc>
   1fcf0:	83 d0       	rcall	.+262    	; 0x1fdf8 <verifySpace>

      // Read command terminator, start reply
      verifySpace();
   1fcf2:	85 e4       	ldi	r24, 0x45	; 69
 * void writebuffer(memtype, buffer, address, length)
 */
static inline void writebuffer(int8_t memtype, addr16_t mybuff,
                               addr16_t address, pagelen_t len)
{
  switch (memtype) {
   1fcf4:	c8 12       	cpse	r12, r24
   1fcf6:	12 c0       	rjmp	.+36     	; 0x1fd1c <main+0x118>
   1fcf8:	de 5f       	subi	r29, 0xFE	; 254
   1fcfa:	48 01       	movw	r8, r16
   1fcfc:	a1 2c       	mov	r10, r1
   1fcfe:	92 e0       	ldi	r25, 0x02	; 2
   1fd00:	b9 2e       	mov	r11, r25
   1fd02:	ac 16       	cp	r10, r28
  case 'E': // EEPROM
#if SUPPORT_EEPROM || BIGBOOT
    while (len--) {
   1fd04:	bd 06       	cpc	r11, r29
   1fd06:	09 f4       	brne	.+2      	; 0x1fd0a <main+0x106>
   1fd08:	59 c0       	rjmp	.+178    	; 0x1fdbc <main+0x1b8>
   1fd0a:	f5 01       	movw	r30, r10
      eeprom_write_byte((address.bptr++), *(mybuff.bptr++));
   1fd0c:	61 91       	ld	r22, Z+
   1fd0e:	5f 01       	movw	r10, r30
   1fd10:	c4 01       	movw	r24, r8
   1fd12:	99 d0       	rcall	.+306    	; 0x1fe46 <eeprom_write_byte>
   1fd14:	ff ef       	ldi	r31, 0xFF	; 255
   1fd16:	8f 1a       	sub	r8, r31
   1fd18:	9f 0a       	sbc	r9, r31
   1fd1a:	f3 cf       	rjmp	.-26     	; 0x1fd02 <main+0xfe>
   1fd1c:	83 e0       	ldi	r24, 0x03	; 3
   1fd1e:	f8 01       	movw	r30, r16
       * and we needed the space back.
       */
#ifdef FOURPAGEERASE
      if ((address.bytes[0] & ((SPM_PAGESIZE<<2)-1))==0) {
#endif
        __boot_page_erase_short(address.word);
   1fd20:	87 bf       	out	0x37, r24	; 55
   1fd22:	e8 95       	spm
   1fd24:	07 b6       	in	r0, 0x37	; 55
   1fd26:	00 fc       	sbrc	r0, 0
        boot_spm_busy_wait();
   1fd28:	fd cf       	rjmp	.-6      	; 0x1fd24 <main+0x120>
   1fd2a:	a0 e0       	ldi	r26, 0x00	; 0
   1fd2c:	b2 e0       	ldi	r27, 0x02	; 2
   1fd2e:	f8 01       	movw	r30, r16
   1fd30:	8d 91       	ld	r24, X+
   1fd32:	9d 91       	ld	r25, X+

      /*
       * Copy data from the buffer into the flash write buffer.
       */
      do {
        __boot_page_fill_short((uint16_t)(void*)addrPtr, *(mybuff.wptr++));
   1fd34:	0c 01       	movw	r0, r24
   1fd36:	f7 be       	out	0x37, r15	; 55
   1fd38:	e8 95       	spm
   1fd3a:	11 24       	eor	r1, r1
   1fd3c:	22 97       	sbiw	r28, 0x02	; 2
        addrPtr += 2;
      } while (len -= 2);
   1fd3e:	32 96       	adiw	r30, 0x02	; 2
   1fd40:	20 97       	sbiw	r28, 0x00	; 0
   1fd42:	b1 f7       	brne	.-20     	; 0x1fd30 <main+0x12c>

      /*
       * Actually Write the buffer to flash (and wait for it to finish.)
       */
      __boot_page_write_short(address.word);
   1fd44:	f8 01       	movw	r30, r16
   1fd46:	e7 be       	out	0x37, r14	; 55
      boot_spm_busy_wait();
   1fd48:	e8 95       	spm
   1fd4a:	07 b6       	in	r0, 0x37	; 55
   1fd4c:	00 fc       	sbrc	r0, 0
#if defined(RWWSRE)
      // Reenable read access to flash
      __boot_rww_enable_short();
   1fd4e:	fd cf       	rjmp	.-6      	; 0x1fd4a <main+0x146>
   1fd50:	d7 be       	out	0x37, r13	; 55
      writebuffer(desttype, buff, address, savelength);


    }
/* Read memory block mode, length is big endian.  */
    else if (ch == STK_READ_PAGE) {
   1fd52:	e8 95       	spm
      uint8_t desttype;
      GETLENGTH(length);
   1fd54:	33 c0       	rjmp	.+102    	; 0x1fdbc <main+0x1b8>
   1fd56:	84 37       	cpi	r24, 0x74	; 116
   1fd58:	19 f5       	brne	.+70     	; 0x1fda0 <main+0x19c>
   1fd5a:	3a d0       	rcall	.+116    	; 0x1fdd0 <getch>
   1fd5c:	c8 2f       	mov	r28, r24
   1fd5e:	d0 e0       	ldi	r29, 0x00	; 0
   1fd60:	dc 2f       	mov	r29, r28
   1fd62:	cc 27       	eor	r28, r28
   1fd64:	35 d0       	rcall	.+106    	; 0x1fdd0 <getch>
   1fd66:	5e 01       	movw	r10, r28

      desttype = getch();
   1fd68:	a8 2a       	or	r10, r24
   1fd6a:	32 d0       	rcall	.+100    	; 0x1fdd0 <getch>

      verifySpace();
   1fd6c:	98 2e       	mov	r9, r24
   1fd6e:	44 d0       	rcall	.+136    	; 0x1fdf8 <verifySpace>
   1fd70:	e8 01       	movw	r28, r16

static inline void read_mem(uint8_t memtype, addr16_t address, pagelen_t length)
{
  uint8_t ch;

  switch (memtype) {
   1fd72:	f5 e4       	ldi	r31, 0x45	; 69
   1fd74:	9f 12       	cpse	r9, r31

#if SUPPORT_EEPROM || BIGBOOT
  case 'E': // EEPROM
    do {
      putch(eeprom_read_byte((address.bptr++)));
   1fd76:	0b c0       	rjmp	.+22     	; 0x1fd8e <main+0x18a>
   1fd78:	ce 01       	movw	r24, r28
   1fd7a:	5d d0       	rcall	.+186    	; 0x1fe36 <eeprom_read_byte>
    } while (--length);
   1fd7c:	22 d0       	rcall	.+68     	; 0x1fdc2 <putch>
   1fd7e:	81 e0       	ldi	r24, 0x01	; 1
   1fd80:	a8 1a       	sub	r10, r24
   1fd82:	b1 08       	sbc	r11, r1
   1fd84:	21 96       	adiw	r28, 0x01	; 1
   1fd86:	a1 14       	cp	r10, r1
      // Since RAMPZ should already be set, we need to use EPLM directly.
      // Also, we can use the autoincrement version of lpm to update "address"
      //      do putch(pgm_read_byte_near(address++));
      //      while (--length);
      // read a Flash and increment the address (may increment RAMPZ)
      __asm__ ("  elpm %0,Z+\n" : "=r" (ch), "=z" (address.bptr): "1" (address));
   1fd88:	b1 04       	cpc	r11, r1
   1fd8a:	b1 f7       	brne	.-20     	; 0x1fd78 <main+0x174>
   1fd8c:	17 c0       	rjmp	.+46     	; 0x1fdbc <main+0x1b8>
#else
      // read a Flash byte and increment the address
      __asm__ ("  lpm %0,Z+\n" : "=r" (ch), "=z" (address.bptr): "1" (address));
#endif
      putch(ch);
   1fd8e:	fe 01       	movw	r30, r28
   1fd90:	87 91       	elpm	r24, Z+
    } while (--length);
   1fd92:	ef 01       	movw	r28, r30
   1fd94:	16 d0       	rcall	.+44     	; 0x1fdc2 <putch>
   1fd96:	e1 e0       	ldi	r30, 0x01	; 1
   1fd98:	ae 1a       	sub	r10, r30
   1fd9a:	b1 08       	sbc	r11, r1

      read_mem(desttype, address, length);
    }

/* Get device signature bytes  */
    else if (ch == STK_READ_SIGN) {
   1fd9c:	c1 f7       	brne	.-16     	; 0x1fd8e <main+0x18a>
   1fd9e:	0e c0       	rjmp	.+28     	; 0x1fdbc <main+0x1b8>
      // READ SIGN - return what Avrdude wants to hear
      verifySpace();
   1fda0:	85 37       	cpi	r24, 0x75	; 117
   1fda2:	39 f4       	brne	.+14     	; 0x1fdb2 <main+0x1ae>
      putch(SIGNATURE_0);
   1fda4:	29 d0       	rcall	.+82     	; 0x1fdf8 <verifySpace>
   1fda6:	8e e1       	ldi	r24, 0x1E	; 30
   1fda8:	0c d0       	rcall	.+24     	; 0x1fdc2 <putch>
      putch(SIGNATURE_1);
   1fdaa:	87 e9       	ldi	r24, 0x97	; 151
   1fdac:	0a d0       	rcall	.+20     	; 0x1fdc2 <putch>
   1fdae:	83 e0       	ldi	r24, 0x03	; 3
      putch(SIGNATURE_2);
   1fdb0:	59 cf       	rjmp	.-334    	; 0x1fc64 <main+0x60>
   1fdb2:	81 35       	cpi	r24, 0x51	; 81
    }
    else if (ch == STK_LEAVE_PROGMODE) { /* 'Q' */
   1fdb4:	11 f4       	brne	.+4      	; 0x1fdba <main+0x1b6>
   1fdb6:	88 e0       	ldi	r24, 0x08	; 8
      // Adaboot no-wait mod
      watchdogConfig(WATCHDOG_16MS);
   1fdb8:	19 d0       	rcall	.+50     	; 0x1fdec <watchdogConfig>
   1fdba:	1e d0       	rcall	.+60     	; 0x1fdf8 <verifySpace>
   1fdbc:	80 e1       	ldi	r24, 0x10	; 16
      verifySpace();
    }
    else {
      // This covers the response to commands like STK_ENTER_PROGMODE
      verifySpace();
   1fdbe:	01 d0       	rcall	.+2      	; 0x1fdc2 <putch>
   1fdc0:	47 cf       	rjmp	.-370    	; 0x1fc50 <main+0x4c>

0001fdc2 <putch>:
    }
    putch(STK_OK);
   1fdc2:	90 91 c0 00 	lds	r25, 0x00C0	; 0x8000c0 <__RAM__+0xc0>
   1fdc6:	95 ff       	sbrs	r25, 5
  }
   1fdc8:	fc cf       	rjmp	.-8      	; 0x1fdc2 <putch>
# else
  RS485_PORT &= ~_BV(RS485_BIT);
# endif
#else //not RS485
  while (!(UART_SRA & _BV(UDRE0))) {  /* Spin */ }
  UART_UDR = ch;
   1fdca:	80 93 c6 00 	sts	0x00C6, r24	; 0x8000c6 <__RAM__+0xc6>
   1fdce:	08 95       	ret

0001fdd0 <getch>:
  defined(__AVR_ATmega8535__) || defined(__AVR_ATmega16__)   ||         \
  defined(__AVR_ATmega162__)  || defined(__AVR_ATmega32__)   ||         \
  defined(__AVR_ATmega64__)   || defined(__AVR_ATmega128__)
  LED_PORT ^= _BV(LED);
#else
  LED_PIN |= _BV(LED);  // Newer AVRs can toggle by writing PINx
   1fdd0:	64 9a       	sbi	0x0c, 4	; 12
    :
    "r25"
    );
#else
#ifndef LIN_UART
  while (!(UART_SRA & _BV(RXC0)))  {  /* Spin */ }
   1fdd2:	80 91 c0 00 	lds	r24, 0x00C0	; 0x8000c0 <__RAM__+0xc0>
   1fdd6:	87 ff       	sbrs	r24, 7
   1fdd8:	fc cf       	rjmp	.-8      	; 0x1fdd2 <getch+0x2>
  if (!(UART_SRA & _BV(FE0))) {
   1fdda:	80 91 c0 00 	lds	r24, 0x00C0	; 0x8000c0 <__RAM__+0xc0>
   1fdde:	84 fd       	sbrc	r24, 4
   1fde0:	01 c0       	rjmp	.+2      	; 0x1fde4 <getch+0x14>
}
#endif

// Watchdog functions. These are only safe with interrupts turned off.
void watchdogReset() {
  __asm__ __volatile__ (
   1fde2:	a8 95       	wdr
  while (!(LINSIR & _BV(LRXOK)))  {  /* Spin */ }
  if (!(LINSIR & _BV(LFERR))) {
    watchdogReset();  /* Eventually abort if wrong speed */
  }
#endif
  ch = UART_UDR;
   1fde4:	80 91 c6 00 	lds	r24, 0x00C6	; 0x8000c6 <__RAM__+0xc6>
  defined(__AVR_ATmega8535__) || defined(__AVR_ATmega16__)   ||         \
  defined(__AVR_ATmega162__)  || defined(__AVR_ATmega32__)   ||         \
  defined(__AVR_ATmega64__)   || defined(__AVR_ATmega128__)
  LED_PORT ^= _BV(LED);
#else
  LED_PIN |= _BV(LED);  // Newer AVRs can toggle by writing PINx
   1fde8:	64 9a       	sbi	0x0c, 4	; 12
#if LED_DATA_FLASH
  toggle_led();
#endif

  return ch;
}
   1fdea:	08 95       	ret

0001fdec <watchdogConfig>:
}

void watchdogConfig(uint8_t x) {
#ifdef WDCE //does it have a Watchdog Change Enable?
#ifdef WDTCSR
  WDTCSR = _BV(WDCE) | _BV(WDE);
   1fdec:	e0 e6       	ldi	r30, 0x60	; 96
   1fdee:	f0 e0       	ldi	r31, 0x00	; 0
   1fdf0:	98 e1       	ldi	r25, 0x18	; 24
   1fdf2:	90 83       	st	Z, r25
#else //then it must be one of those newfangled ones that use CCP
  CCP=0xD8; //so write this magic number to CCP
#endif

#ifdef WDTCSR
  WDTCSR = x;
   1fdf4:	80 83       	st	Z, r24
   1fdf6:	08 95       	ret

0001fdf8 <verifySpace>:
  do getch(); while (--count);
  verifySpace();
}

void verifySpace() {
  if (getch() != CRC_EOP) {
   1fdf8:	eb df       	rcall	.-42     	; 0x1fdd0 <getch>
   1fdfa:	80 32       	cpi	r24, 0x20	; 32
   1fdfc:	19 f0       	breq	.+6      	; 0x1fe04 <verifySpace+0xc>
    watchdogConfig(WATCHDOG_16MS);    // shorten WD timeout
   1fdfe:	88 e0       	ldi	r24, 0x08	; 8
   1fe00:	f5 df       	rcall	.-22     	; 0x1fdec <watchdogConfig>
   1fe02:	ff cf       	rjmp	.-2      	; 0x1fe02 <verifySpace+0xa>
    while (1)                         // and busy-loop so that WD causes
      ;                               //  a reset and app start.
  }
  putch(STK_INSYNC);
   1fe04:	84 e1       	ldi	r24, 0x14	; 20
   1fe06:	dd cf       	rjmp	.-70     	; 0x1fdc2 <putch>

0001fe08 <getNch>:
    ::[count] "M" (UART_B_VALUE)
    );
}
#endif

void getNch(uint8_t count) {
   1fe08:	cf 93       	push	r28
   1fe0a:	c8 2f       	mov	r28, r24
  do getch(); while (--count);
   1fe0c:	e1 df       	rcall	.-62     	; 0x1fdd0 <getch>
   1fe0e:	c1 50       	subi	r28, 0x01	; 1
   1fe10:	e9 f7       	brne	.-6      	; 0x1fe0c <getNch+0x4>
  verifySpace();
}
   1fe12:	cf 91       	pop	r28
}
#endif

void getNch(uint8_t count) {
  do getch(); while (--count);
  verifySpace();
   1fe14:	f1 cf       	rjmp	.-30     	; 0x1fdf8 <verifySpace>

0001fe16 <do_spm>:
   1fe16:	fc 01       	movw	r30, r24
 *   data=0 in WRITE
 */
static void do_spm(uint16_t address, uint8_t command, uint16_t data)  __attribute__ ((used));
static void do_spm(uint16_t address, uint8_t command, uint16_t data) {
  // Do spm stuff
  asm volatile (
   1fe18:	0a 01       	movw	r0, r20
   1fe1a:	67 bf       	out	0x37, r22	; 55
   1fe1c:	e8 95       	spm
   1fe1e:	11 24       	eor	r1, r1
   1fe20:	07 b6       	in	r0, 0x37	; 55
    );

  // wait for spm to complete
  //   it doesn't have much sense for __BOOT_PAGE_FILL,
  //   but it doesn't hurt and saves some bytes on 'if'
  boot_spm_busy_wait();
   1fe22:	00 fc       	sbrc	r0, 0
   1fe24:	fd cf       	rjmp	.-6      	; 0x1fe20 <do_spm+0xa>
   1fe26:	66 70       	andi	r22, 0x06	; 6
#if defined(RWWSRE)
  // this 'if' condition should be: (command == __BOOT_PAGE_WRITE || command == __BOOT_PAGE_ERASE)...
  // but it's tweaked a little assuming that in every command we are interested in here, there
  // must be also SELFPRGEN set. If we skip checking this bit, we save here 4B
  if ((command & (_BV(PGWRT)|_BV(PGERS))) && (data == 0) ) {
   1fe28:	29 f0       	breq	.+10     	; 0x1fe34 <do_spm+0x1e>
   1fe2a:	45 2b       	or	r20, r21
   1fe2c:	19 f4       	brne	.+6      	; 0x1fe34 <do_spm+0x1e>
   1fe2e:	81 e1       	ldi	r24, 0x11	; 17
    // Reenable read access to flash
    __boot_rww_enable_short();
   1fe30:	87 bf       	out	0x37, r24	; 55
   1fe32:	e8 95       	spm
   1fe34:	08 95       	ret

0001fe36 <eeprom_read_byte>:
   1fe36:	f9 99       	sbic	0x1f, 1	; 31
   1fe38:	fe cf       	rjmp	.-4      	; 0x1fe36 <eeprom_read_byte>
   1fe3a:	92 bd       	out	0x22, r25	; 34
   1fe3c:	81 bd       	out	0x21, r24	; 33
   1fe3e:	f8 9a       	sbi	0x1f, 0	; 31
   1fe40:	99 27       	eor	r25, r25
   1fe42:	80 b5       	in	r24, 0x20	; 32
   1fe44:	08 95       	ret

0001fe46 <eeprom_write_byte>:
   1fe46:	26 2f       	mov	r18, r22

0001fe48 <eeprom_write_r18>:
   1fe48:	f9 99       	sbic	0x1f, 1	; 31
   1fe4a:	fe cf       	rjmp	.-4      	; 0x1fe48 <eeprom_write_r18>
   1fe4c:	1f ba       	out	0x1f, r1	; 31
   1fe4e:	92 bd       	out	0x22, r25	; 34
   1fe50:	81 bd       	out	0x21, r24	; 33
   1fe52:	20 bd       	out	0x20, r18	; 32
   1fe54:	0f b6       	in	r0, 0x3f	; 63
   1fe56:	f8 94       	cli
   1fe58:	fa 9a       	sbi	0x1f, 2	; 31
   1fe5a:	f9 9a       	sbi	0x1f, 1	; 31
   1fe5c:	0f be       	out	0x3f, r0	; 63
   1fe5e:	01 96       	adiw	r24, 0x01	; 1
   1fe60:	08 95       	ret

0001fe62 <f_delimit>:
   1fe62:	ff                                                  .

0001fe63 <f_version>:
   1fe63:	56 65 72 73 69 6f 6e 3d 38 2e 33 00                 Version=8.3.

0001fe6f <f_device>:
   1fe6f:	44 65 76 69 63 65 3d 61 74 6d 65 67 61 31 32 38     Device=atmega128
   1fe7f:	30 00                                               0.

0001fe81 <fF_CPU>:
   1fe81:	46 5f 43 50 55 3d 31 36 30 30 30 30 30 30 4c 00     F_CPU=16000000L.

0001fe91 <fBIGBOOT>:
   1fe91:	42 49 47 42 4f 4f 54 3d 31 00                       BIGBOOT=1.

0001fe9b <f_date>:
   1fe9b:	42 75 69 6c 74 3a 46 65 62 20 20 36 20 32 30 32     Built:Feb  6 202
   1feab:	32 3a 30 37 3a 31 34 3a 35 37 00                    2:07:14:57.

0001feb6 <fUART>:
   1feb6:	55 41 52 54 3d 30 00                                UART=0.

0001febd <fBAUD_RATE>:
   1febd:	42 41 55 44 5f 52 41 54 45 3d 31 31 35 32 30 30     BAUD_RATE=115200
	...

0001fece <f_LED>:
   1fece:	4c 45 44 3d 45 34 00                                LED=E4.

0001fed5 <fLED_DATA_FLASH>:
   1fed5:	4c 45 44 5f 44 41 54 41 5f 46 4c 41 53 48 3d 31     LED_DATA_FLASH=1
	...
